%!Adobe-FontList 1.23
%Locale:0x409

%BeginFont
Handler:DirectoryHandler
FontType:Type1
FontName:BreeSerif-Bold
FamilyName:Bree Serif
StyleName:Bold
FullName:Bree Serif Bold
MenuName:Bree Serif
StyleBits:2
WritingScript:Roman
OutlineFileName:C:\Users\Bill\Desktop\HCRA_Manual Folder\Document fonts\Bree Serif Bold.otf
DataFormat:sfntData
UsesStandardEncoding:yes
isCFF:yes
hasSVG:no
VariableFontType:NonVariableFont
FileLength:62656
FileModTime:1497463490
WeightClass:700
WidthClass:5
AngleClass:0
NameArray:0,Mac,18,Bree Serif Bold
NameArray:0,Mac,4,Bree Serif Bold
NameArray:0,Win,1,Bree Serif
NameArray:0,Win,16,Bree Serif
%EndFont

%BeginFont
Handler:DirectoryHandler
FontType:TrueType
FontName:BreeSerif-Regular
FamilyName:Bree Serif
StyleName:Regular
FullName:Bree Serif
MenuName:Bree Serif
StyleBits:0
WritingScript:Roman
OutlineFileName:C:\Users\Bill\Desktop\HCRA_Manual Folder\Document fonts\BreeSerif-Regular.ttf
DataFormat:sfntData
hasSVG:no
VariableFontType:NonVariableFont
FileLength:46660
FileModTime:1485800878
WeightClass:400
WidthClass:5
AngleClass:0
NameArray:0,Mac,4,Bree Serif
NameArray:0,Win,1,Bree Serif
%EndFont

%BeginFont
Handler:DirectoryHandler
FontType:TrueType
FontName:Merriweather-Bold
FamilyName:Merriweather
StyleName:Bold
FullName:Merriweather Bold
MenuName:Merriweather
StyleBits:2
WritingScript:Roman
OutlineFileName:C:\Users\Bill\Desktop\HCRA_Manual Folder\Document fonts\Merriweather-Bold.ttf
DataFormat:sfntData
hasSVG:no
VariableFontType:NonVariableFont
FileLength:46796
FileModTime:1445966312
WeightClass:700
WidthClass:5
AngleClass:0
NameArray:0,Mac,18,Merriweather Bold
NameArray:0,Mac,4,Merriweather Bold
NameArray:0,Win,1,Merriweather
%EndFont

%BeginFont
Handler:DirectoryHandler
FontType:TrueType
FontName:Merriweather-Italic
FamilyName:Merriweather
StyleName:Italic
FullName:Merriweather Italic
MenuName:Merriweather
StyleBits:1
WritingScript:Roman
OutlineFileName:C:\Users\Bill\Desktop\HCRA_Manual Folder\Document fonts\Merriweather-Italic.ttf
DataFormat:sfntData
hasSVG:no
VariableFontType:NonVariableFont
FileLength:53140
FileModTime:1445966352
WeightClass:400
WidthClass:5
AngleClass:1
NameArray:0,Mac,18,Merriweather Italic
NameArray:0,Mac,4,Merriweather Italic
NameArray:0,Win,1,Merriweather
%EndFont

%BeginFont
Handler:DirectoryHandler
FontType:TrueType
FontName:Merriweather
FamilyName:Merriweather
StyleName:Regular
FullName:Merriweather
MenuName:Merriweather
StyleBits:0
WritingScript:Roman
OutlineFileName:C:\Users\Bill\Desktop\HCRA_Manual Folder\Document fonts\Merriweather-Regular.ttf
DataFormat:sfntData
hasSVG:no
VariableFontType:NonVariableFont
FileLength:46576
FileModTime:1445966370
WeightClass:400
WidthClass:5
AngleClass:0
NameArray:0,Mac,18,Merriweather
NameArray:0,Mac,4,Merriweather
NameArray:0,Win,1,Merriweather
%EndFont

%BeginFont
Handler:DirectoryHandler
FontType:Type1
FontName:MinionPro-Bold
FamilyName:Minion Pro
StyleName:Bold
FullName:Minion Pro Bold
MenuName:Minion Pro
StyleBits:2
WritingScript:Roman
OutlineFileName:C:\Users\Bill\Desktop\HCRA_Manual Folder\Document fonts\MinionPro-Bold.otf
DataFormat:sfntData
UsesStandardEncoding:yes
isCFF:yes
hasSVG:no
VariableFontType:NonVariableFont
FileLength:218116
FileModTime:1361553380
WeightClass:700
WidthClass:5
AngleClass:0
DesignSize:110
NameArray:0,Mac,4,Minion Pro Bold
NameArray:0,Win,1,Minion Pro
%EndFont

%BeginFont
Handler:DirectoryHandler
FontType:TrueType
FontName:Montserrat-Bold
FamilyName:Montserrat
StyleName:Bold
FullName:Montserrat Bold
MenuName:Montserrat
StyleBits:2
WritingScript:Roman
OutlineFileName:C:\Users\Bill\Desktop\HCRA_Manual Folder\Document fonts\Montserrat-Bold.ttf
DataFormat:sfntData
hasSVG:no
VariableFontType:NonVariableFont
FileLength:191648
FileModTime:1499886878
WeightClass:700
WidthClass:5
AngleClass:0
NameArray:0,Mac,4,Montserrat Bold
NameArray:0,Win,1,Montserrat
%EndFont

%BeginFont
Handler:DirectoryHandler
FontType:TrueType
FontName:Montserrat-BoldItalic
FamilyName:Montserrat
StyleName:Bold Italic
FullName:Montserrat Bold Italic
MenuName:Montserrat
StyleBits:3
WritingScript:Roman
OutlineFileName:C:\Users\Bill\Desktop\HCRA_Manual Folder\Document fonts\Montserrat-BoldItalic.ttf
DataFormat:sfntData
hasSVG:no
VariableFontType:NonVariableFont
FileLength:195604
FileModTime:1499886878
WeightClass:700
WidthClass:5
AngleClass:1
NameArray:0,Mac,4,Montserrat Bold Italic
NameArray:0,Win,1,Montserrat
%EndFont

%BeginFont
Handler:DirectoryHandler
FontType:TrueType
FontName:Montserrat-Italic
FamilyName:Montserrat
StyleName:Italic
FullName:Montserrat Italic
MenuName:Montserrat
StyleBits:1
WritingScript:Roman
OutlineFileName:C:\Users\Bill\Desktop\HCRA_Manual Folder\Document fonts\Montserrat-Italic.ttf
DataFormat:sfntData
hasSVG:no
VariableFontType:NonVariableFont
FileLength:191936
FileModTime:1499886878
WeightClass:400
WidthClass:5
AngleClass:1
NameArray:0,Mac,4,Montserrat Italic
NameArray:0,Win,1,Montserrat
%EndFont

%BeginFont
Handler:DirectoryHandler
FontType:TrueType
FontName:Montserrat-Light
FamilyName:Montserrat
StyleName:Light
FullName:Montserrat Light
MenuName:Montserrat Light
StyleBits:0
WritingScript:Roman
OutlineFileName:C:\Users\Bill\Desktop\HCRA_Manual Folder\Document fonts\Montserrat-Light.ttf
DataFormat:sfntData
hasSVG:no
VariableFontType:NonVariableFont
FileLength:192116
FileModTime:1499886878
WeightClass:300
WidthClass:5
AngleClass:0
NameArray:0,Mac,4,Montserrat Light
NameArray:0,Win,1,Montserrat Light
NameArray:0,Win,16,Montserrat
%EndFont

%BeginFont
Handler:DirectoryHandler
FontType:TrueType
FontName:Montserrat-Medium
FamilyName:Montserrat
StyleName:Medium
FullName:Montserrat Medium
MenuName:Montserrat Medium
StyleBits:0
WritingScript:Roman
OutlineFileName:C:\Users\Bill\Desktop\HCRA_Manual Folder\Document fonts\Montserrat-Medium.ttf
DataFormat:sfntData
hasSVG:no
VariableFontType:NonVariableFont
FileLength:192488
FileModTime:1499886878
WeightClass:500
WidthClass:5
AngleClass:0
NameArray:0,Mac,4,Montserrat Medium
NameArray:0,Win,1,Montserrat Medium
NameArray:0,Win,16,Montserrat
%EndFont

%BeginFont
Handler:DirectoryHandler
FontType:TrueType
FontName:Montserrat-Regular
FamilyName:Montserrat
StyleName:Regular
FullName:Montserrat Regular
MenuName:Montserrat
StyleBits:0
WritingScript:Roman
OutlineFileName:C:\Users\Bill\Desktop\HCRA_Manual Folder\Document fonts\Montserrat-Regular.ttf
DataFormat:sfntData
hasSVG:no
VariableFontType:NonVariableFont
FileLength:190648
FileModTime:1499886878
WeightClass:400
WidthClass:5
AngleClass:0
NameArray:0,Mac,4,Montserrat Regular
NameArray:0,Win,1,Montserrat
%EndFont

%BeginFont
Handler:DirectoryHandler
FontType:TrueType
FontName:Montserrat-SemiBold
FamilyName:Montserrat
StyleName:SemiBold
FullName:Montserrat SemiBold
MenuName:Montserrat SemiBold
StyleBits:0
WritingScript:Roman
OutlineFileName:C:\Users\Bill\Desktop\HCRA_Manual Folder\Document fonts\Montserrat-SemiBold.ttf
DataFormat:sfntData
hasSVG:no
VariableFontType:NonVariableFont
FileLength:192268
FileModTime:1499886878
WeightClass:600
WidthClass:5
AngleClass:0
NameArray:0,Mac,4,Montserrat SemiBold
NameArray:0,Win,1,Montserrat SemiBold
NameArray:0,Win,16,Montserrat
%EndFont

%BeginFont
Handler:DirectoryHandler
FontType:TrueType
FontName:ArialMT
FamilyName:Arial
StyleName:Regular
FullName:Arial
MenuName:Arial
StyleBits:0
WritingScript:Roman
OutlineFileName:C:\Users\Bill\Desktop\HCRA_Manual Folder\Document fonts\arial_0.ttf
DataFormat:sfntData
hasSVG:no
VariableFontType:NonVariableFont
FileLength:1036584
FileModTime:1575709708
WeightClass:400
WidthClass:5
AngleClass:0
NameArray:0,Mac,4,Arial
NameArray:0,Win,1,Arial
%EndFont

%BeginFont
Handler:DirectoryHandler
FontType:TrueType
FontName:Calibri
FamilyName:Calibri
StyleName:Regular
FullName:Calibri
MenuName:Calibri
StyleBits:0
WritingScript:Roman
OutlineFileName:C:\Users\Bill\Desktop\HCRA_Manual Folder\Document fonts\calibri_0.ttf
DataFormat:sfntData
hasSVG:no
VariableFontType:NonVariableFont
FileLength:1648120
FileModTime:1575709708
WeightClass:400
WidthClass:5
AngleClass:0
NameArray:0,Mac,4,Calibri
NameArray:0,Win,1,Calibri
%EndFont

%BeginFont
Handler:DirectoryHandler
FontType:TrueType
FontName:Calibri-LightItalic
FamilyName:Calibri
StyleName:Light Italic
FullName:Calibri Light Italic
MenuName:Calibri Light
StyleBits:1
WritingScript:Roman
OutlineFileName:C:\Users\Bill\Desktop\HCRA_Manual Folder\Document fonts\calibrili_0.ttf
DataFormat:sfntData
hasSVG:no
VariableFontType:NonVariableFont
FileLength:1061248
FileModTime:1575709708
WeightClass:300
WidthClass:5
AngleClass:1
NameArray:0,Mac,18,Calibri Light Italic
NameArray:0,Mac,4,Calibri Light Italic
NameArray:0,Win,1,Calibri Light
NameArray:0,Win,16,Calibri
%EndFont

